23:14:08 **** Incremental Build of configuration Default for project CIS ****
ndk-build V=1 
Cannot run program "ndk-build": Launching failed
23:56:40 **** Incremental Build of configuration Default for project CIS ****
ndk-build V=1 
Cannot run program "ndk-build": Launching failed
01:09:00 **** Build of configuration Default for project CIS ****
ndk-build V=1 
Cannot run program "ndk-build": Launching failed
01:09:07 **** Build of configuration Default for project CIS ****
ndk-build V=1 
Cannot run program "ndk-build": Launching failed
01:14:08 **** Incremental Build of configuration Default for project CIS ****
ndk-build V=1 
Cannot run program "ndk-build": Launching failed
01:15:20 **** Incremental Build of configuration Default for project CIS ****
ndk-build V=1 
Cannot run program "ndk-build": Launching failed
01:39:37 **** Incremental Build of configuration Default for project CIS ****
ndk-build V=1 
Cannot run program "ndk-build": Launching failed
01:41:27 **** Incremental Build of configuration Default for project CIS ****
ndk-build V=1 
Cannot run program "ndk-build": Launching failed
01:42:03 **** Incremental Build of configuration Default for project CIS ****
ndk-build V=1 
Cannot run program "ndk-build": Launching failed
01:43:54 **** Incremental Build of configuration Default for project CIS ****
ndk-build V=1 
Cannot run program "ndk-build": Launching failed
01:44:10 **** Incremental Build of configuration Default for project CIS ****
ndk-build V=1 
Cannot run program "ndk-build": Launching failed
01:49:31 **** Incremental Build of configuration Default for project CIS ****
ndk-build V=1 
Cannot run program "ndk-build": Launching failed
01:49:57 **** Incremental Build of configuration Default for project CIS ****
ndk-build V=1 
Cannot run program "ndk-build": Launching failed
01:50:50 **** Incremental Build of configuration Default for project CIS ****
ndk-build V=1 
Cannot run program "ndk-build": Launching failed
01:51:44 **** Incremental Build of configuration Default for project CIS ****
ndk-build V=1 
Cannot run program "ndk-build": Launching failed
01:54:06 **** Incremental Build of configuration Default for project CIS ****
ndk-build V=1 
Cannot run program "ndk-build": Launching failed
01:54:48 **** Incremental Build of configuration Default for project CIS ****
ndk-build V=1 
Cannot run program "ndk-build": Launching failed
01:55:45 **** Incremental Build of configuration Default for project CIS ****
ndk-build V=1 
Cannot run program "ndk-build": Launching failed
01:56:13 **** Incremental Build of configuration Default for project CIS ****
ndk-build V=1 
Cannot run program "ndk-build": Launching failed
01:57:03 **** Incremental Build of configuration Default for project CIS ****
ndk-build V=1 
Cannot run program "ndk-build": Launching failed
03:19:00 **** Build of configuration Default for project CIS ****
ndk-build V=1 
Cannot run program "ndk-build": Launching failed
03:58:12 **** Build of configuration Default for project CIS ****
ndk-build V=1 
Cannot run program "ndk-build": Launching failed
04:05:22 **** Clean-only build of configuration Default for project CIS ****
ndk-build clean 
Cannot run program "ndk-build": Launching failed
04:14:16 **** Build of configuration Default for project CIS ****
ndk-build V=1 
Cannot run program "ndk-build": Launching failed
04:18:33 **** Incremental Build of configuration Default for project CIS ****
ndk-build V=1 
Cannot run program "ndk-build": Launching failed
04:38:02 **** Incremental Build of configuration Default for project CIS ****
ndk-build V=1 
Cannot run program "ndk-build": Launching failed
04:42:54 **** Incremental Build of configuration Default for project CIS ****
ndk-build V=1 
Cannot run program "ndk-build": Launching failed
04:43:21 **** Incremental Build of configuration Default for project CIS ****
ndk-build V=1 
Cannot run program "ndk-build": Launching failed
04:43:39 **** Incremental Build of configuration Default for project CIS ****
ndk-build V=1 
Cannot run program "ndk-build": Launching failed
04:57:38 **** Incremental Build of configuration Default for project CIS ****
ndk-build V=1 
Cannot run program "ndk-build": Launching failed
05:01:08 **** Incremental Build of configuration Default for project CIS ****
ndk-build V=1 
Cannot run program "ndk-build": Launching failed
05:06:04 **** Incremental Build of configuration Default for project CIS ****
ndk-build V=1 
Cannot run program "ndk-build": Launching failed
05:17:42 **** Build of configuration Default for project CIS ****
ndk-build V=1 
Cannot run program "ndk-build": Launching failed
05:27:55 **** Build of configuration Default for project CIS ****
ndk-build V=1 
Cannot run program "ndk-build": Launching failed
05:47:36 **** Build of configuration Default for project CIS ****
ndk-build V=1 
Cannot run program "ndk-build": Launching failed
05:48:03 **** Incremental Build of configuration Default for project CIS ****
ndk-build V=1 
Cannot run program "ndk-build": Launching failed
05:50:33 **** Incremental Build of configuration Default for project CIS ****
ndk-build V=1 
Cannot run program "ndk-build": Launching failed
05:50:48 **** Incremental Build of configuration Default for project CIS ****
ndk-build V=1 
Cannot run program "ndk-build": Launching failed
05:51:37 **** Incremental Build of configuration Default for project CIS ****
ndk-build V=1 
Cannot run program "ndk-build": Launching failed
05:58:18 **** Incremental Build of configuration Default for project CIS ****
ndk-build V=1 
Cannot run program "ndk-build": Launching failed
06:00:42 **** Incremental Build of configuration Default for project CIS ****
ndk-build V=1 
Cannot run program "ndk-build": Launching failed
06:05:35 **** Incremental Build of configuration Default for project CIS ****
ndk-build V=1 
Cannot run program "ndk-build": Launching failed
06:19:54 **** Incremental Build of configuration Default for project CIS ****
ndk-build V=1 
Cannot run program "ndk-build": Launching failed
06:44:50 **** Incremental Build of configuration Default for project CIS ****
ndk-build V=1 
Cannot run program "ndk-build": Launching failed
06:58:00 **** Incremental Build of configuration Default for project CIS ****
ndk-build V=1 
Cannot run program "ndk-build": Launching failed
07:00:51 **** Incremental Build of configuration Default for project CIS ****
ndk-build V=1 
Cannot run program "ndk-build": Launching failed
07:02:14 **** Incremental Build of configuration Default for project CIS ****
ndk-build V=1 
Cannot run program "ndk-build": Launching failed
07:04:24 **** Incremental Build of configuration Default for project CIS ****
ndk-build V=1 
Cannot run program "ndk-build": Launching failed
07:06:10 **** Incremental Build of configuration Default for project CIS ****
ndk-build V=1 
Cannot run program "ndk-build": Launching failed
07:08:07 **** Incremental Build of configuration Default for project CIS ****
ndk-build V=1 
Cannot run program "ndk-build": Launching failed
07:13:10 **** Incremental Build of configuration Default for project CIS ****
ndk-build V=1 
Cannot run program "ndk-build": Launching failed
07:13:43 **** Incremental Build of configuration Default for project CIS ****
ndk-build V=1 
Cannot run program "ndk-build": Launching failed
07:16:35 **** Incremental Build of configuration Default for project CIS ****
ndk-build V=1 
Cannot run program "ndk-build": Launching failed
07:16:50 **** Incremental Build of configuration Default for project CIS ****
ndk-build V=1 
Cannot run program "ndk-build": Launching failed
07:17:51 **** Incremental Build of configuration Default for project CIS ****
ndk-build V=1 
Cannot run program "ndk-build": Launching failed
07:21:09 **** Incremental Build of configuration Default for project CIS ****
ndk-build V=1 
Cannot run program "ndk-build": Launching failed
07:28:33 **** Incremental Build of configuration Default for project CIS ****
ndk-build V=1 
Cannot run program "ndk-build": Launching failed
07:30:22 **** Incremental Build of configuration Default for project CIS ****
ndk-build V=1 
Cannot run program "ndk-build": Launching failed
07:31:43 **** Incremental Build of configuration Default for project CIS ****
ndk-build V=1 
Cannot run program "ndk-build": Launching failed
07:32:36 **** Incremental Build of configuration Default for project CIS ****
ndk-build V=1 
Cannot run program "ndk-build": Launching failed
07:35:09 **** Incremental Build of configuration Default for project CIS ****
ndk-build V=1 
Cannot run program "ndk-build": Launching failed
07:36:59 **** Incremental Build of configuration Default for project CIS ****
ndk-build V=1 
Cannot run program "ndk-build": Launching failed
07:42:25 **** Incremental Build of configuration Default for project CIS ****
ndk-build V=1 
Cannot run program "ndk-build": Launching failed
07:42:35 **** Incremental Build of configuration Default for project CIS ****
ndk-build V=1 
Cannot run program "ndk-build": Launching failed
07:45:41 **** Incremental Build of configuration Default for project CIS ****
ndk-build V=1 
Cannot run program "ndk-build": Launching failed
07:47:21 **** Incremental Build of configuration Default for project CIS ****
ndk-build V=1 
Cannot run program "ndk-build": Launching failed
07:53:26 **** Incremental Build of configuration Default for project CIS ****
ndk-build V=1 
Cannot run program "ndk-build": Launching failed
07:57:11 **** Incremental Build of configuration Default for project CIS ****
ndk-build V=1 
Cannot run program "ndk-build": Launching failed
07:57:15 **** Incremental Build of configuration Default for project CIS ****
ndk-build V=1 
Cannot run program "ndk-build": Launching failed
08:00:19 **** Incremental Build of configuration Default for project CIS ****
ndk-build V=1 
Cannot run program "ndk-build": Launching failed
08:02:59 **** Incremental Build of configuration Default for project CIS ****
ndk-build V=1 
Cannot run program "ndk-build": Launching failed
08:03:03 **** Incremental Build of configuration Default for project CIS ****
ndk-build V=1 
Cannot run program "ndk-build": Launching failed
08:11:48 **** Incremental Build of configuration Default for project CIS ****
ndk-build V=1 
Cannot run program "ndk-build": Launching failed
08:27:37 **** Incremental Build of configuration Default for project CIS ****
ndk-build V=1 
Cannot run program "ndk-build": Launching failed
08:29:04 **** Incremental Build of configuration Default for project CIS ****
ndk-build V=1 
Cannot run program "ndk-build": Launching failed
08:29:53 **** Incremental Build of configuration Default for project CIS ****
ndk-build V=1 
Cannot run program "ndk-build": Launching failed
08:32:34 **** Incremental Build of configuration Default for project CIS ****
ndk-build V=1 
Cannot run program "ndk-build": Launching failed
08:34:58 **** Incremental Build of configuration Default for project CIS ****
ndk-build V=1 
Cannot run program "ndk-build": Launching failed
